{
  "RSpec": {
    "coverage": {
      "/Users/macbookpro/Makers/wk10/DatabaseServer/lib/app.rb": [
        1,
        1,
        1,
        null,
        null,
        null,
        1,
        null,
        1,
        1,
        null,
        1,
        0,
        null,
        null,
        null,
        null,
        1,
        null,
        null
      ],
      "/Users/macbookpro/Makers/wk10/DatabaseServer/spec/feature/server_spec.rb": [
        1,
        null,
        1,
        null,
        1,
        1,
        1,
        1,
        null,
        null
      ]
    },
    "timestamp": 1488800310
  }
}
